<?xml version="1.0" encoding="UTF-8"?>
<!-- Generated by org.testng.reporters.JUnitReportReporter -->
<testsuite hostname="LAPTOP-F86T4Q0E" name="com.eit.stepdefinition.stepDefinition" tests="1" failures="0" timestamp="16 Nov 2019 09:08:26 GMT" time="84.756" errors="0">
  <testcase name="Arabic_forgetpassword_with_incorrect_password_and_valid_password" time="84.756" classname="com.eit.stepdefinition.stepDefinition"/>
</testsuite> <!-- com.eit.stepdefinition.stepDefinition -->
